[LOG] System::create                           : Header version = 2.00.09. Current version = 2.00.09.
[LOG] Manager::init                            : maxchannels = 256 studioflags = 00000006 flags 00000000 extradriverdata 0000000000000000.
[LOG] SystemI::init                            : Initialize version=20009 (109255), maxchannels=256, flags=0x00020000
[LOG] SystemI::setOutputInternal               : Setting output to 'FMOD WASAPI Output'
[LOG] OutputWASAPI::init                       : Mix Format (WAVEFORMATEX): wFormatTag=0xFFFE, nChannels=2, nSamplesPerSec=48000, nAvgBytesPerSec=384000, nBlockAlign=8, wBitsPerSample=32, cbSize=22.
[LOG] OutputWASAPI::init                       : Mix Format (WAVEFORMATEXTENSIBLE): wValidBitsPerSample=32, dwChannelMask=0x00000003, SubFormat=00000003-0000-0010-8000-00AA00389B71.
[LOG] OutputWASAPI::init                       : Output buffer size: 4096 samples, latency: 0.00ms, period: 10.00ms, DSP buffer: 1024 * 4
[LOG] Thread::initThread                       : Init FMOD stream thread. Priority: 2, Stack Size: 98304, Semaphore: No, Sleep Time: 10, Looping: Yes.
[LOG] Thread::initThread                       : Init FMOD mixer thread. Priority: 3, Stack Size: 81920, Semaphore: No, Sleep Time: 0, Looping: Yes.
[LOG] AsyncManager::init                       : manager 000001F41E1C9318 isAsync 0 updatePeriod 0.02
[LOG] AsyncManager::init                       : done
[LOG] PlaybackSystem::init                     : 
[LOG] Thread::initThread                       : Init FMOD Studio sample load thread. Priority: 0, Stack Size: 98304, Semaphore: No, Sleep Time: 1, Looping: No.
[LOG] PlaybackSystem::init                     : done
[LOG] Thread::initThread                       : Init FMOD Studio bank load thread. Priority: 0, Stack Size: 98304, Semaphore: No, Sleep Time: 1, Looping: No.
[LOG] Manager::init                            : done.
[LOG] Manager::readBank                        : fileversion = 123, compatVersion = 119 (oldest = 44, newest = 125)
[LOG] Manager::readBank                        : fileversion = 123, compatVersion = 119 (oldest = 44, newest = 125)
[LOG] Manager::readBank                        : fileversion = 123, compatVersion = 119 (oldest = 44, newest = 125)
[LOG] PlaybackSystem::acquireMasterBus         : Setting master channel group format to 6
[LOG] Thread::initThread                       : Init FMOD profiler thread (recv). Priority: 0, Stack Size: 131072, Semaphore: No, Sleep Time: 0, Looping: No.
[LOG] Thread::initThread                       : Init FMOD profiler thread (send). Priority: 0, Stack Size: 131072, Semaphore: No, Sleep Time: 0, Looping: No.
[LOG] LiveUpdate::clientConnected              : client = 000001F44F729648
[LOG] LiveUpdate::readPacket                   : Recieved init packet from client 000001F44F729648
[LOG] LiveUpdate::readPacket                   : Accepting init message for client 000001F44F729648
[LOG] LiveUpdate::transitionToConnected        : 
[LOG] Manager::sendConnectTimeHash             : 
[LOG] LiveUpdate::sendBankHash                 : 
[LOG] LiveUpdate::acceptInitPacket             : Client 000001F44F729648 connected, entering connected state
[LOG] SystemI::createSoundInternal             : Create name='', mode=0x02000202
[LOG] SystemI::createSoundInternal             : exinfo->cbsize             = 224
[LOG] SystemI::createSoundInternal             : exinfo->length             = 461920
[LOG] SystemI::createSoundInternal             : exinfo->fileoffset         = 23552
[LOG] SystemI::createSoundInternal             : exinfo->numsubsounds       = 1
[LOG] SystemI::createSoundInternal             : exinfo->inclusionlist      = 0000004EF38AF19C
[LOG] SystemI::createSoundInternal             : exinfo->inclusionlistnum   = 1
[LOG] SystemI::createSoundInternal             : exinfo->suggestedsoundtype = 5
[LOG] SystemI::createSoundInternal             : exinfo->useropen           = 00007FF81F95C330
[LOG] SystemI::createSoundInternal             : exinfo->userclose          = 00007FF81F95C300
[LOG] SystemI::createSoundInternal             : exinfo->userread           = 00007FF81F95C400
[LOG] SystemI::createSoundInternal             : exinfo->userseek           = 00007FF81F95C4C0
[LOG] SystemI::createSoundInternal             : exinfo->fileuserdata       = 000001F491A25258
[LOG] SystemI::createSoundInternal             : exinfo->initialseekpostype = 1
[LOG] SystemI::DSPCodecPoolRegister            : register codec pool for pool type 5
[LOG] SystemI::createSoundInternal             : Sample 0/1: name='Footsteep_2_1.0', format=2, channels=2, frequency=48000, lengthbytes=2464, lengthpcm=56964, pcmblocksize=0, loopstart=0, loopend=0, mode=0x00000000, channelmask=0x00000000, channelorder=0, peakvolume=0.441895.
[LOG] SystemI::createSoundInternal             : Create name='', mode=0x02000202
[LOG] SystemI::createSoundInternal             : exinfo->cbsize             = 224
[LOG] SystemI::createSoundInternal             : exinfo->length             = 461920
[LOG] SystemI::createSoundInternal             : exinfo->fileoffset         = 23552
[LOG] SystemI::createSoundInternal             : exinfo->numsubsounds       = 1
[LOG] SystemI::createSoundInternal             : exinfo->inclusionlist      = 0000004EF38AF19C
[LOG] SystemI::createSoundInternal             : exinfo->inclusionlistnum   = 1
[LOG] SystemI::createSoundInternal             : exinfo->suggestedsoundtype = 5
[LOG] SystemI::createSoundInternal             : exinfo->useropen           = 00007FF81F95C330
[LOG] SystemI::createSoundInternal             : exinfo->userclose          = 00007FF81F95C300
[LOG] SystemI::createSoundInternal             : exinfo->userread           = 00007FF81F95C400
[LOG] SystemI::createSoundInternal             : exinfo->userseek           = 00007FF81F95C4C0
[LOG] SystemI::createSoundInternal             : exinfo->fileuserdata       = 000001F491A25258
[LOG] SystemI::createSoundInternal             : exinfo->initialseekpostype = 1
[LOG] SystemI::DSPCodecPoolRegister            : register codec pool for pool type 5
[LOG] SystemI::createSoundInternal             : Sample 0/1: name='Footsteep_1_1.0', format=2, channels=2, frequency=48000, lengthbytes=2496, lengthpcm=56964, pcmblocksize=0, loopstart=0, loopend=0, mode=0x00000000, channelmask=0x00000000, channelorder=0, peakvolume=0.507965.
[LOG] SystemI::createSoundInternal             : Create name='', mode=0x02000202
[LOG] SystemI::createSoundInternal             : exinfo->cbsize             = 224
[LOG] SystemI::createSoundInternal             : exinfo->length             = 461920
[LOG] SystemI::createSoundInternal             : exinfo->fileoffset         = 23552
[LOG] SystemI::createSoundInternal             : exinfo->numsubsounds       = 1
[LOG] SystemI::createSoundInternal             : exinfo->inclusionlist      = 0000004EF38AF19C
[LOG] SystemI::createSoundInternal             : exinfo->inclusionlistnum   = 1
[LOG] SystemI::createSoundInternal             : exinfo->suggestedsoundtype = 5
[LOG] SystemI::createSoundInternal             : exinfo->useropen           = 00007FF81F95C330
[LOG] SystemI::createSoundInternal             : exinfo->userclose          = 00007FF81F95C300
[LOG] SystemI::createSoundInternal             : exinfo->userread           = 00007FF81F95C400
[LOG] SystemI::createSoundInternal             : exinfo->userseek           = 00007FF81F95C4C0
[LOG] SystemI::createSoundInternal             : exinfo->fileuserdata       = 000001F491A25258
[LOG] SystemI::createSoundInternal             : exinfo->initialseekpostype = 1
[LOG] SystemI::DSPCodecPoolRegister            : register codec pool for pool type 5
[LOG] SystemI::createSoundInternal             : Sample 0/1: name='Footsteep_3_1.0', format=2, channels=2, frequency=48000, lengthbytes=2272, lengthpcm=56964, pcmblocksize=0, loopstart=0, loopend=0, mode=0x00000000, channelmask=0x00000000, channelorder=0, peakvolume=0.434875.
[LOG] SystemI::createSoundInternal             : Create name='', mode=0x02000202
[LOG] SystemI::createSoundInternal             : exinfo->cbsize             = 224
[LOG] SystemI::createSoundInternal             : exinfo->length             = 461920
[LOG] SystemI::createSoundInternal             : exinfo->fileoffset         = 23552
[LOG] SystemI::createSoundInternal             : exinfo->numsubsounds       = 1
[LOG] SystemI::createSoundInternal             : exinfo->inclusionlist      = 0000004EF38AF19C
[LOG] SystemI::createSoundInternal             : exinfo->inclusionlistnum   = 1
[LOG] SystemI::createSoundInternal             : exinfo->suggestedsoundtype = 5
[LOG] SystemI::createSoundInternal             : exinfo->useropen           = 00007FF81F95C330
[LOG] SystemI::createSoundInternal             : exinfo->userclose          = 00007FF81F95C300
[LOG] SystemI::createSoundInternal             : exinfo->userread           = 00007FF81F95C400
[LOG] SystemI::createSoundInternal             : exinfo->userseek           = 00007FF81F95C4C0
[LOG] SystemI::createSoundInternal             : exinfo->fileuserdata       = 000001F4802AA068
[LOG] SystemI::createSoundInternal             : exinfo->initialseekpostype = 1
[LOG] SystemI::DSPCodecPoolRegister            : register codec pool for pool type 5
[LOG] SystemI::createSoundInternal             : Sample 0/1: name='Grab ennemie scream_3_1.0', format=2, channels=2, frequency=48000, lengthbytes=39488, lengthpcm=235256, pcmblocksize=0, loopstart=0, loopend=0, mode=0x00000000, channelmask=0x00000000, channelorder=0, peakvolume=0.146149.
[LOG] SystemI::createSoundInternal             : Create name='', mode=0x02000202
[LOG] SystemI::createSoundInternal             : exinfo->cbsize             = 224
[LOG] SystemI::createSoundInternal             : exinfo->length             = 461920
[LOG] SystemI::createSoundInternal             : exinfo->fileoffset         = 23552
[LOG] SystemI::createSoundInternal             : exinfo->numsubsounds       = 1
[LOG] SystemI::createSoundInternal             : exinfo->inclusionlist      = 0000004EF38AF19C
[LOG] SystemI::createSoundInternal             : exinfo->inclusionlistnum   = 1
[LOG] SystemI::createSoundInternal             : exinfo->suggestedsoundtype = 5
[LOG] SystemI::createSoundInternal             : exinfo->useropen           = 00007FF81F95C330
[LOG] SystemI::createSoundInternal             : exinfo->userclose          = 00007FF81F95C300
[LOG] SystemI::createSoundInternal             : exinfo->userread           = 00007FF81F95C400
[LOG] SystemI::createSoundInternal             : exinfo->userseek           = 00007FF81F95C4C0
[LOG] SystemI::createSoundInternal             : exinfo->fileuserdata       = 000001F4802AA068
[LOG] SystemI::createSoundInternal             : exinfo->initialseekpostype = 1
[LOG] SystemI::DSPCodecPoolRegister            : register codec pool for pool type 5
[LOG] SystemI::createSoundInternal             : Sample 0/1: name='Grab ennemie scream_2_1.0', format=2, channels=2, frequency=48000, lengthbytes=55808, lengthpcm=304320, pcmblocksize=0, loopstart=0, loopend=0, mode=0x00000000, channelmask=0x00000000, channelorder=0, peakvolume=0.140411.
[LOG] SystemI::createSoundInternal             : Create name='', mode=0x02000202
[LOG] SystemI::createSoundInternal             : exinfo->cbsize             = 224
[LOG] SystemI::createSoundInternal             : exinfo->length             = 461920
[LOG] SystemI::createSoundInternal             : exinfo->fileoffset         = 23552
[LOG] SystemI::createSoundInternal             : exinfo->numsubsounds       = 1
[LOG] SystemI::createSoundInternal             : exinfo->inclusionlist      = 0000004EF38AF19C
[LOG] SystemI::createSoundInternal             : exinfo->inclusionlistnum   = 1
[LOG] SystemI::createSoundInternal             : exinfo->suggestedsoundtype = 5
[LOG] SystemI::createSoundInternal             : exinfo->useropen           = 00007FF81F95C330
[LOG] SystemI::createSoundInternal             : exinfo->userclose          = 00007FF81F95C300
[LOG] SystemI::createSoundInternal             : exinfo->userread           = 00007FF81F95C400
[LOG] SystemI::createSoundInternal             : exinfo->userseek           = 00007FF81F95C4C0
[LOG] SystemI::createSoundInternal             : exinfo->fileuserdata       = 000001F4802AA068
[LOG] SystemI::createSoundInternal             : exinfo->initialseekpostype = 1
[LOG] SystemI::DSPCodecPoolRegister            : register codec pool for pool type 5
[LOG] SystemI::createSoundInternal             : Sample 0/1: name='Grab ennemie scream_1_1.0', format=2, channels=2, frequency=48000, lengthbytes=54240, lengthpcm=309806, pcmblocksize=0, loopstart=0, loopend=0, mode=0x00000000, channelmask=0x00000000, channelorder=0, peakvolume=0.138977.
[LOG] SystemI::createSoundInternal             : Create name='', mode=0x02000202
[LOG] SystemI::createSoundInternal             : exinfo->cbsize             = 224
[LOG] SystemI::createSoundInternal             : exinfo->length             = 461920
[LOG] SystemI::createSoundInternal             : exinfo->fileoffset         = 23552
[LOG] SystemI::createSoundInternal             : exinfo->numsubsounds       = 1
[LOG] SystemI::createSoundInternal             : exinfo->inclusionlist      = 0000004EF38AF19C
[LOG] SystemI::createSoundInternal             : exinfo->inclusionlistnum   = 1
[LOG] SystemI::createSoundInternal             : exinfo->suggestedsoundtype = 5
[LOG] SystemI::createSoundInternal             : exinfo->useropen           = 00007FF81F95C330
[LOG] SystemI::createSoundInternal             : exinfo->userclose          = 00007FF81F95C300
[LOG] SystemI::createSoundInternal             : exinfo->userread           = 00007FF81F95C400
[LOG] SystemI::createSoundInternal             : exinfo->userseek           = 00007FF81F95C4C0
[LOG] SystemI::createSoundInternal             : exinfo->fileuserdata       = 000001F4802A8388
[LOG] SystemI::createSoundInternal             : exinfo->initialseekpostype = 1
[LOG] SystemI::DSPCodecPoolRegister            : register codec pool for pool type 5
[LOG] SystemI::createSoundInternal             : Sample 0/1: name='Scream falling_1_1.0', format=2, channels=2, frequency=48000, lengthbytes=47488, lengthpcm=266400, pcmblocksize=0, loopstart=0, loopend=0, mode=0x00000000, channelmask=0x00000000, channelorder=0, peakvolume=0.139801.
[LOG] SystemI::createSoundInternal             : Create name='', mode=0x02000202
[LOG] SystemI::createSoundInternal             : exinfo->cbsize             = 224
[LOG] SystemI::createSoundInternal             : exinfo->length             = 461920
[LOG] SystemI::createSoundInternal             : exinfo->fileoffset         = 23552
[LOG] SystemI::createSoundInternal             : exinfo->numsubsounds       = 1
[LOG] SystemI::createSoundInternal             : exinfo->inclusionlist      = 0000004EF38AF19C
[LOG] SystemI::createSoundInternal             : exinfo->inclusionlistnum   = 1
[LOG] SystemI::createSoundInternal             : exinfo->suggestedsoundtype = 5
[LOG] SystemI::createSoundInternal             : exinfo->useropen           = 00007FF81F95C330
[LOG] SystemI::createSoundInternal             : exinfo->userclose          = 00007FF81F95C300
[LOG] SystemI::createSoundInternal             : exinfo->userread           = 00007FF81F95C400
[LOG] SystemI::createSoundInternal             : exinfo->userseek           = 00007FF81F95C4C0
[LOG] SystemI::createSoundInternal             : exinfo->fileuserdata       = 000001F4802A8388
[LOG] SystemI::createSoundInternal             : exinfo->initialseekpostype = 1
[LOG] SystemI::DSPCodecPoolRegister            : register codec pool for pool type 5
[LOG] SystemI::createSoundInternal             : Sample 0/1: name='Scream Falling_2_1.0', format=2, channels=2, frequency=48000, lengthbytes=63040, lengthpcm=329280, pcmblocksize=0, loopstart=0, loopend=0, mode=0x00000000, channelmask=0x00000000, channelorder=0, peakvolume=0.139526.
[LOG] SystemI::createSoundInternal             : Create name='', mode=0x02000202
[LOG] SystemI::createSoundInternal             : exinfo->cbsize             = 224
[LOG] SystemI::createSoundInternal             : exinfo->length             = 461920
[LOG] SystemI::createSoundInternal             : exinfo->fileoffset         = 23552
[LOG] SystemI::createSoundInternal             : exinfo->numsubsounds       = 1
[LOG] SystemI::createSoundInternal             : exinfo->inclusionlist      = 0000004EF38AF19C
[LOG] SystemI::createSoundInternal             : exinfo->inclusionlistnum   = 1
[LOG] SystemI::createSoundInternal             : exinfo->suggestedsoundtype = 5
[LOG] SystemI::createSoundInternal             : exinfo->useropen           = 00007FF81F95C330
[LOG] SystemI::createSoundInternal             : exinfo->userclose          = 00007FF81F95C300
[LOG] SystemI::createSoundInternal             : exinfo->userread           = 00007FF81F95C400
[LOG] SystemI::createSoundInternal             : exinfo->userseek           = 00007FF81F95C4C0
[LOG] SystemI::createSoundInternal             : exinfo->fileuserdata       = 000001F4802A8388
[LOG] SystemI::createSoundInternal             : exinfo->initialseekpostype = 1
[LOG] SystemI::DSPCodecPoolRegister            : register codec pool for pool type 5
[LOG] SystemI::createSoundInternal             : Sample 0/1: name='Scream Falling_3_1.0', format=2, channels=2, frequency=48000, lengthbytes=17664, lengthpcm=129600, pcmblocksize=0, loopstart=0, loopend=0, mode=0x00000000, channelmask=0x00000000, channelorder=0, peakvolume=0.138153.
[LOG] SoundI::release                          :  (000001F43A9542D8)
[LOG] SoundI::release                          :     Grab ennemie scream_1_1.0 (000001F3B25D6718)
[LOG] SoundI::release                          :  (000001F43A953FF8)
[LOG] SoundI::release                          :     Grab ennemie scream_2_1.0 (000001F3B25D6238)
[LOG] SoundI::release                          :  (000001F43A955588)
[LOG] SoundI::release                          :     Grab ennemie scream_3_1.0 (000001F3B25D5878)
[LOG] SoundI::release                          :  (000001F465263B08)
[LOG] SoundI::release                          :     Footsteep_1_1.0 (000001F3B25D8FB8)
[LOG] SoundI::release                          :  (000001F41D2C04F8)
[LOG] SoundI::release                          :     Footsteep_2_1.0 (000001F3B25D6098)
[LOG] SoundI::release                          :  (000001F465263DE8)
[LOG] SoundI::release                          :     Footsteep_3_1.0 (000001F3B25D9158)
[LOG] SoundI::release                          :  (000001F43A9559D8)
[LOG] SoundI::release                          :     Scream falling_1_1.0 (000001F3B25D68B8)
[LOG] SoundI::release                          :  (000001F43A954898)
[LOG] SoundI::release                          :     Scream Falling_2_1.0 (000001F3B25D6D98)
[LOG] SoundI::release                          :  (000001F43A954A08)
[LOG] SoundI::release                          :     Scream Falling_3_1.0 (000001F3B25D70D8)
[LOG] Thread::callback                         : FMOD Studio update thread finished.
[LOG] Thread::callback                         : FMOD Studio bank load thread finished.
[LOG] ProfileClient::markForDead               : Closing client connection
[LOG] Profile::disconnectAll                   : Profiler disconnecting all clients
[LOG] Thread::callback                         : FMOD profiler thread (send) finished.
[LOG] FMOD_OS_Net_Read                         : Interrupted.[LOG] ProfileClient::recvThreadLoopFunction    : Socket disconnected
[LOG] Thread::callback                         : FMOD profiler thread (recv) finished.
[LOG] Thread::callback                         : FMOD Studio sample load thread finished.
[LOG] LiveUpdate::release                      : 
[LOG] LiveUpdate::reset                        : Reset connection (reason Disconnected)
[LOG] Thread::callback                         : FMOD stream thread finished.
[LOG] Thread::callback                         : FMOD mixer thread finished.
[LOG] Profile::disconnectAll                   : Profiler disconnecting all clients
[LOG] SystemI::close                           : Closed.
[LOG] Thread::callback                         : FMOD Studio bank load thread finished.
[LOG] Thread::callback                         : FMOD Studio sample load thread finished.
[LOG] LiveUpdate::release                      : 
[LOG] LiveUpdate::reset                        : Reset connection (reason Disconnected)
[LOG] Thread::callback                         : FMOD stream thread finished.
[LOG] Thread::callback                         : FMOD mixer thread finished.
[LOG] SystemI::close                           : Closed.
