Base path: 'F:/Program Files (x86)/Unity/Hub/Editor/2019.3.5f1/Editor/Data', plugins path 'F:/Program Files (x86)/Unity/Hub/Editor/2019.3.5f1/Editor/Data/PlaybackEngines'
Cmd: initializeCompiler
Cmd: preprocess
  insize=1516 outsize=295 ok=1
Cmd: preprocess
  insize=1516 outsize=295 ok=1
Cmd: preprocess
  insize=1516 outsize=295 ok=1
Cmd: preprocess
  insize=1516 outsize=295 ok=1
Cmd: preprocess
  insize=1516 outsize=295 ok=1
Cmd: preprocess
  insize=1516 outsize=295 ok=1
Cmd: preprocess
  insize=1516 outsize=295 ok=1
Cmd: preprocess
  insize=1516 outsize=295 ok=1
Cmd: preprocess
  insize=1516 outsize=295 ok=1
Cmd: preprocess
  insize=1516 outsize=295 ok=1
Cmd: preprocess
  insize=1516 outsize=295 ok=1
Cmd: preprocess
  insize=1516 outsize=295 ok=1
Cmd: preprocess
  insize=1516 outsize=295 ok=1
Cmd: preprocess
  insize=1516 outsize=295 ok=1
Cmd: preprocess
  insize=1516 outsize=295 ok=1
Cmd: preprocess
  insize=1516 outsize=295 ok=1
Cmd: preprocess
  insize=1516 outsize=295 ok=1
Cmd: preprocess
  insize=1516 outsize=295 ok=1
Cmd: preprocess
  insize=1516 outsize=295 ok=1
Cmd: preprocess
  insize=1516 outsize=295 ok=1
Cmd: preprocess
  insize=1516 outsize=295 ok=1
Cmd: preprocess
  insize=1516 outsize=295 ok=1
Cmd: preprocess
  insize=1516 outsize=295 ok=1
Cmd: preprocess
  insize=1516 outsize=295 ok=1
Cmd: preprocess
  insize=1516 outsize=295 ok=1
Cmd: preprocess
  insize=1516 outsize=295 ok=1
Cmd: preprocess
  insize=1516 outsize=295 ok=1
Cmd: preprocess
  insize=1516 outsize=295 ok=1
Cmd: preprocess
  insize=1516 outsize=295 ok=1
Cmd: preprocess
  insize=1516 outsize=295 ok=1
Cmd: compileSnippet
  error: 2 plat 4 at (74): failed to open source file: 'Packages/com.unity.visualeffectgraph/Shaders/RenderPipeline/Universal/VFXDefines.hlsl'\nCompiling Vertex program
Platform defines: UNITY_ENABLE_REFLECTION_BUFFERS UNITY_USE_DITHER_MASK_FOR_ALPHABLENDED_SHADOWS UNITY_PBS_USE_BRDF1 UNITY_SPECCUBE_BOX_PROJECTION UNITY_SPECCUBE_BLENDING UNITY_ENABLE_DETAIL_NORMALMAP SHADER_API_DESKTOP UNITY_LIGHT_PROBE_PROXY_VOLUME UNITY_LIGHTMAP_FULL_HDR
  api=4 type=0 insize=22694 outsize=0 kw= pd=UNITY_ENABLE_REFLECTION_BUFFERS UNITY_USE_DITHER_MASK_FOR_ALPHABLENDED_SHADOWS UNITY_PBS_USE_BRDF1 UNITY_SPECCUBE_BOX_PROJECTION UNITY_SPECCUBE_BLENDING UNITY_ENABLE_DETAIL_NORMALMAP SHADER_API_DESKTOP UNITY_LIGHT_PROBE_PROXY_VOLUME UNITY_LIGHTMAP_FULL_HDR ok=0
Cmd: compileSnippet
  error: 2 plat 4 at (74): failed to open source file: 'Packages/com.unity.visualeffectgraph/Shaders/RenderPipeline/Universal/VFXDefines.hlsl'\nCompiling Fragment program
Platform defines: UNITY_ENABLE_REFLECTION_BUFFERS UNITY_USE_DITHER_MASK_FOR_ALPHABLENDED_SHADOWS UNITY_PBS_USE_BRDF1 UNITY_SPECCUBE_BOX_PROJECTION UNITY_SPECCUBE_BLENDING UNITY_ENABLE_DETAIL_NORMALMAP SHADER_API_DESKTOP UNITY_LIGHT_PROBE_PROXY_VOLUME UNITY_LIGHTMAP_FULL_HDR
  api=4 type=1 insize=22694 outsize=0 kw= pd=UNITY_ENABLE_REFLECTION_BUFFERS UNITY_USE_DITHER_MASK_FOR_ALPHABLENDED_SHADOWS UNITY_PBS_USE_BRDF1 UNITY_SPECCUBE_BOX_PROJECTION UNITY_SPECCUBE_BLENDING UNITY_ENABLE_DETAIL_NORMALMAP SHADER_API_DESKTOP UNITY_LIGHT_PROBE_PROXY_VOLUME UNITY_LIGHTMAP_FULL_HDR ok=0
Cmd: preprocess
  insize=1516 outsize=295 ok=1
